2023-04-02 06:51:57 INFO  Utils:112 - [TestNG] Time taken by org.testng.internal.ExitCodeListener@610df783: 0 ms
  2023-04-02 06:51:57 INFO  Utils:112 - [TestNG] Time taken by org.testng.reporters.SuiteHTMLReporter@46d9aec8: 17 ms
  2023-04-02 06:51:57 INFO  Utils:112 - [TestNG] Time taken by org.testng.reporters.jq.Main@f2ce6b: 45 ms
  2023-04-02 06:51:57 INFO  Utils:112 - [TestNG] Time taken by org.testng.reporters.FailedReporter@6eaa21d8: 10 ms
  2023-04-02 06:51:57 INFO  Utils:112 - [TestNG] Time taken by org.testng.reporters.XMLReporter@6f9ad11c: 8 ms
  2023-04-02 06:51:57 INFO  Utils:112 - [TestNG] Time taken by org.testng.reporters.EmailableReporter2@35fb22a9: 5 ms
  2023-04-02 06:51:57 INFO  Utils:112 - [TestNG] Time taken by org.testng.reporters.JUnitReportReporter@7a22a3c2: 4 ms
  2023-04-02 07:01:18 INFO  Utils:112 - [TestNG] Time taken by org.testng.internal.ExitCodeListener@62b969c4: 0 ms
  2023-04-02 07:01:18 INFO  Utils:112 - [TestNG] Time taken by org.testng.reporters.SuiteHTMLReporter@1cc9cfb2: 18 ms
  2023-04-02 07:01:18 INFO  Utils:112 - [TestNG] Time taken by org.testng.reporters.jq.Main@6eb82908: 35 ms
  2023-04-02 07:01:18 INFO  Utils:112 - [TestNG] Time taken by org.testng.reporters.FailedReporter@3cec79d3: 13 ms
  2023-04-02 07:01:18 INFO  Utils:112 - [TestNG] Time taken by org.testng.reporters.XMLReporter@6de0f580: 11 ms
  2023-04-02 07:01:18 INFO  Utils:112 - [TestNG] Time taken by org.testng.reporters.EmailableReporter2@3506d826: 5 ms
  2023-04-02 07:01:18 INFO  Utils:112 - [TestNG] Time taken by org.testng.reporters.JUnitReportReporter@3cae7b8b: 6 ms
  2023-04-02 07:01:59 INFO  Utils:112 - [TestNG] Time taken by org.testng.internal.ExitCodeListener@51d143a1: 0 ms
  2023-04-02 07:01:59 INFO  Utils:112 - [TestNG] Time taken by org.testng.reporters.SuiteHTMLReporter@6411d3c8: 13 ms
  2023-04-02 07:01:59 INFO  Utils:112 - [TestNG] Time taken by org.testng.reporters.jq.Main@252f626c: 37 ms
  2023-04-02 07:01:59 INFO  Utils:112 - [TestNG] Time taken by org.testng.reporters.FailedReporter@4a8df3e2: 8 ms
  2023-04-02 07:01:59 INFO  Utils:112 - [TestNG] Time taken by org.testng.reporters.XMLReporter@1686f0b4: 9 ms
  2023-04-02 07:01:59 INFO  Utils:112 - [TestNG] Time taken by org.testng.reporters.EmailableReporter2@7c1812b3: 3 ms
  2023-04-02 07:01:59 INFO  Utils:112 - [TestNG] Time taken by org.testng.reporters.JUnitReportReporter@2ca5f1ed: 3 ms
  2023-04-02 07:11:29 INFO  Utils:112 - [TestNG] Time taken by org.testng.internal.ExitCodeListener@2c6ee758: 0 ms
  2023-04-02 07:11:29 INFO  Utils:112 - [TestNG] Time taken by org.testng.reporters.SuiteHTMLReporter@47ec7422: 14 ms
  2023-04-02 07:11:29 INFO  Utils:112 - [TestNG] Time taken by org.testng.reporters.jq.Main@bc0f53b: 35 ms
  2023-04-02 07:11:29 INFO  Utils:112 - [TestNG] Time taken by org.testng.reporters.FailedReporter@8bffb8b: 9 ms
  2023-04-02 07:11:29 INFO  Utils:112 - [TestNG] Time taken by org.testng.reporters.XMLReporter@64b70919: 6 ms
  2023-04-02 07:11:29 INFO  Utils:112 - [TestNG] Time taken by org.testng.reporters.EmailableReporter2@6de0f580: 4 ms
  2023-04-02 07:11:29 INFO  Utils:112 - [TestNG] Time taken by org.testng.reporters.JUnitReportReporter@75e710b: 6 ms
  2023-04-02 23:07:50 INFO  Utils:112 - [TestNG] Time taken by org.testng.internal.ExitCodeListener@6411d3c8: 0 ms
  2023-04-02 23:07:50 INFO  Utils:112 - [TestNG] Time taken by org.testng.reporters.SuiteHTMLReporter@1aa99005: 15 ms
  2023-04-02 23:07:50 INFO  Utils:112 - [TestNG] Time taken by org.testng.reporters.jq.Main@238acd0b: 35 ms
  2023-04-02 23:07:50 INFO  Utils:112 - [TestNG] Time taken by org.testng.reporters.FailedReporter@76c548f: 15 ms
  2023-04-02 23:07:50 INFO  Utils:112 - [TestNG] Time taken by org.testng.reporters.XMLReporter@39e67516: 7 ms
  2023-04-02 23:07:50 INFO  Utils:112 - [TestNG] Time taken by org.testng.reporters.EmailableReporter2@75e710b: 5 ms
  2023-04-02 23:07:50 INFO  Utils:112 - [TestNG] Time taken by org.testng.reporters.JUnitReportReporter@681adc8f: 5 ms
  2023-04-02 23:14:45 INFO  Utils:112 - [TestNG] Time taken by org.testng.internal.ExitCodeListener@616b241a: 0 ms
  2023-04-02 23:14:45 INFO  Utils:112 - [TestNG] Time taken by org.testng.reporters.SuiteHTMLReporter@a20b94b: 15 ms
  2023-04-02 23:14:45 INFO  Utils:112 - [TestNG] Time taken by org.testng.reporters.jq.Main@7a5b769b: 36 ms
  2023-04-02 23:14:45 INFO  Utils:112 - [TestNG] Time taken by org.testng.reporters.FailedReporter@7d0614f: 12 ms
  2023-04-02 23:14:45 INFO  Utils:112 - [TestNG] Time taken by org.testng.reporters.XMLReporter@12aa4996: 8 ms
  2023-04-02 23:14:45 INFO  Utils:112 - [TestNG] Time taken by org.testng.reporters.EmailableReporter2@23202c31: 4 ms
  2023-04-02 23:14:45 INFO  Utils:112 - [TestNG] Time taken by org.testng.reporters.JUnitReportReporter@8ff5094: 5 ms
  2023-04-02 23:17:30 INFO  Utils:112 - [TestNG] Time taken by org.testng.internal.ExitCodeListener@6a9b0a6f: 0 ms
  2023-04-02 23:17:30 INFO  Utils:112 - [TestNG] Time taken by org.testng.reporters.SuiteHTMLReporter@1f387978: 16 ms
  2023-04-02 23:17:30 INFO  Utils:112 - [TestNG] Time taken by org.testng.reporters.jq.Main@74075134: 41 ms
  2023-04-02 23:17:30 INFO  Utils:112 - [TestNG] Time taken by org.testng.reporters.FailedReporter@7e4d2287: 0 ms
  2023-04-02 23:17:30 INFO  Utils:112 - [TestNG] Time taken by org.testng.reporters.XMLReporter@2125ad3: 8 ms
  2023-04-02 23:17:30 INFO  Utils:112 - [TestNG] Time taken by org.testng.reporters.EmailableReporter2@26a2f7f9: 5 ms
  2023-04-02 23:17:30 INFO  Utils:112 - [TestNG] Time taken by org.testng.reporters.JUnitReportReporter@56d93692: 5 ms
  2023-04-02 23:30:15 INFO  Utils:112 - [TestNG] Time taken by org.testng.internal.ExitCodeListener@3bead518: 0 ms
  2023-04-02 23:30:15 INFO  Utils:112 - [TestNG] Time taken by org.testng.reporters.SuiteHTMLReporter@2b61a019: 17 ms
  2023-04-02 23:30:15 INFO  Utils:112 - [TestNG] Time taken by org.testng.reporters.jq.Main@3900fa71: 37 ms
  2023-04-02 23:30:15 INFO  Utils:112 - [TestNG] Time taken by org.testng.reporters.FailedReporter@53c68ce: 7 ms
  2023-04-02 23:30:15 INFO  Utils:112 - [TestNG] Time taken by org.testng.reporters.XMLReporter@681adc8f: 9 ms
  2023-04-02 23:30:15 INFO  Utils:112 - [TestNG] Time taken by org.testng.reporters.EmailableReporter2@5fc930f0: 6 ms
  2023-04-02 23:30:15 INFO  Utils:112 - [TestNG] Time taken by org.testng.reporters.JUnitReportReporter@29528a22: 8 ms
  2023-04-02 23:33:43 INFO  Utils:112 - [TestNG] Time taken by org.testng.internal.ExitCodeListener@1f387978: 0 ms
  2023-04-02 23:33:43 INFO  Utils:112 - [TestNG] Time taken by org.testng.reporters.SuiteHTMLReporter@14f3c6fc: 15 ms
  2023-04-02 23:33:43 INFO  Utils:112 - [TestNG] Time taken by org.testng.reporters.jq.Main@24361cfc: 35 ms
  2023-04-02 23:33:43 INFO  Utils:112 - [TestNG] Time taken by org.testng.reporters.FailedReporter@5c10285a: 10 ms
  2023-04-02 23:33:43 INFO  Utils:112 - [TestNG] Time taken by org.testng.reporters.XMLReporter@67c119b7: 8 ms
  2023-04-02 23:33:43 INFO  Utils:112 - [TestNG] Time taken by org.testng.reporters.EmailableReporter2@4f824872: 8 ms
  2023-04-02 23:33:43 INFO  Utils:112 - [TestNG] Time taken by org.testng.reporters.JUnitReportReporter@35fb22a9: 4 ms
  2023-04-02 23:37:09 INFO  Utils:112 - [TestNG] Time taken by org.testng.internal.ExitCodeListener@1f387978: 0 ms
  2023-04-02 23:37:09 INFO  Utils:112 - [TestNG] Time taken by org.testng.reporters.SuiteHTMLReporter@14f3c6fc: 17 ms
  2023-04-02 23:37:09 INFO  Utils:112 - [TestNG] Time taken by org.testng.reporters.jq.Main@24361cfc: 44 ms
  2023-04-02 23:37:09 INFO  Utils:112 - [TestNG] Time taken by org.testng.reporters.FailedReporter@5c10285a: 8 ms
  2023-04-02 23:37:09 INFO  Utils:112 - [TestNG] Time taken by org.testng.reporters.XMLReporter@67c119b7: 8 ms
  2023-04-02 23:37:09 INFO  Utils:112 - [TestNG] Time taken by org.testng.reporters.EmailableReporter2@4f824872: 6 ms
  2023-04-02 23:37:09 INFO  Utils:112 - [TestNG] Time taken by org.testng.reporters.JUnitReportReporter@35fb22a9: 7 ms
  2023-04-02 23:37:59 INFO  Utils:112 - [TestNG] Time taken by org.testng.internal.ExitCodeListener@4b54af3d: 0 ms
  2023-04-02 23:37:59 INFO  Utils:112 - [TestNG] Time taken by org.testng.reporters.SuiteHTMLReporter@610df783: 17 ms
  2023-04-02 23:37:59 INFO  Utils:112 - [TestNG] Time taken by org.testng.reporters.jq.Main@4682eba5: 33 ms
  2023-04-02 23:37:59 INFO  Utils:112 - [TestNG] Time taken by org.testng.reporters.FailedReporter@6d9fb2d1: 0 ms
  2023-04-02 23:37:59 INFO  Utils:112 - [TestNG] Time taken by org.testng.reporters.XMLReporter@4a8df3e2: 6 ms
  2023-04-02 23:37:59 INFO  Utils:112 - [TestNG] Time taken by org.testng.reporters.EmailableReporter2@56d93692: 5 ms
  2023-04-02 23:37:59 INFO  Utils:112 - [TestNG] Time taken by org.testng.reporters.JUnitReportReporter@6b667cb3: 3 ms
  2023-04-02 23:50:26 INFO  Utils:112 - [TestNG] Time taken by org.testng.internal.ExitCodeListener@16ade133: 0 ms
  2023-04-02 23:50:26 INFO  Utils:112 - [TestNG] Time taken by org.testng.reporters.SuiteHTMLReporter@4b54af3d: 14 ms
  2023-04-02 23:50:26 INFO  Utils:112 - [TestNG] Time taken by org.testng.reporters.jq.Main@6c65860d: 31 ms
  2023-04-02 23:50:26 INFO  Utils:112 - [TestNG] Time taken by org.testng.reporters.FailedReporter@2d000e80: 0 ms
  2023-04-02 23:50:26 INFO  Utils:112 - [TestNG] Time taken by org.testng.reporters.XMLReporter@68c87fc3: 5 ms
  2023-04-02 23:50:26 INFO  Utils:112 - [TestNG] Time taken by org.testng.reporters.EmailableReporter2@7a7d1b47: 3 ms
  2023-04-02 23:50:26 INFO  Utils:112 - [TestNG] Time taken by org.testng.reporters.JUnitReportReporter@1bd0b0e5: 4 ms
  2023-04-02 23:51:25 INFO  Utils:112 - [TestNG] Time taken by org.testng.internal.ExitCodeListener@616b241a: 0 ms
  2023-04-02 23:51:25 INFO  Utils:112 - [TestNG] Time taken by org.testng.reporters.SuiteHTMLReporter@a20b94b: 15 ms
  2023-04-02 23:51:25 INFO  Utils:112 - [TestNG] Time taken by org.testng.reporters.jq.Main@7a5b769b: 44 ms
  2023-04-02 23:51:25 INFO  Utils:112 - [TestNG] Time taken by org.testng.reporters.FailedReporter@7d0614f: 8 ms
  2023-04-02 23:51:26 INFO  Utils:112 - [TestNG] Time taken by org.testng.reporters.XMLReporter@12aa4996: 8 ms
  2023-04-02 23:51:26 INFO  Utils:112 - [TestNG] Time taken by org.testng.reporters.EmailableReporter2@23202c31: 4 ms
  2023-04-02 23:51:26 INFO  Utils:112 - [TestNG] Time taken by org.testng.reporters.JUnitReportReporter@8ff5094: 7 ms
  2023-04-03 00:22:17 INFO  Utils:112 - [TestNG] Time taken by org.testng.internal.ExitCodeListener@44de94c3: 0 ms
  2023-04-03 00:22:17 INFO  Utils:112 - [TestNG] Time taken by org.testng.reporters.SuiteHTMLReporter@776802b0: 12 ms
  2023-04-03 00:22:18 INFO  Utils:112 - [TestNG] Time taken by org.testng.reporters.jq.Main@58496dc: 29 ms
  2023-04-03 00:22:18 INFO  Utils:112 - [TestNG] Time taken by org.testng.reporters.FailedReporter@151db587: 0 ms
  2023-04-03 00:22:18 INFO  Utils:112 - [TestNG] Time taken by org.testng.reporters.XMLReporter@25c53f74: 4 ms
  2023-04-03 00:22:18 INFO  Utils:112 - [TestNG] Time taken by org.testng.reporters.EmailableReporter2@26722665: 3 ms
  2023-04-03 00:22:18 INFO  Utils:112 - [TestNG] Time taken by org.testng.reporters.JUnitReportReporter@64b70919: 4 ms
  2023-04-03 00:23:14 INFO  Utils:112 - [TestNG] Time taken by org.testng.internal.ExitCodeListener@16073fa8: 0 ms
  2023-04-03 00:23:14 INFO  Utils:112 - [TestNG] Time taken by org.testng.reporters.SuiteHTMLReporter@30814f43: 13 ms
  2023-04-03 00:23:14 INFO  Utils:112 - [TestNG] Time taken by org.testng.reporters.jq.Main@56d93692: 30 ms
  2023-04-03 00:23:14 INFO  Utils:112 - [TestNG] Time taken by org.testng.reporters.FailedReporter@6de0f580: 7 ms
  2023-04-03 00:23:14 INFO  Utils:112 - [TestNG] Time taken by org.testng.reporters.XMLReporter@35dd9ed3: 8 ms
  2023-04-03 00:23:14 INFO  Utils:112 - [TestNG] Time taken by org.testng.reporters.EmailableReporter2@c6634d: 4 ms
  2023-04-03 00:23:14 INFO  Utils:112 - [TestNG] Time taken by org.testng.reporters.JUnitReportReporter@6401d0a0: 5 ms
  2023-04-03 00:25:41 INFO  Utils:112 - [TestNG] Time taken by org.testng.internal.ExitCodeListener@3cd59ef5: 0 ms
  2023-04-03 00:25:41 INFO  Utils:112 - [TestNG] Time taken by org.testng.reporters.SuiteHTMLReporter@289fdb08: 14 ms
  2023-04-03 00:25:41 INFO  Utils:112 - [TestNG] Time taken by org.testng.reporters.jq.Main@692fd26: 30 ms
  2023-04-03 00:25:41 INFO  Utils:112 - [TestNG] Time taken by org.testng.reporters.FailedReporter@6c03fb16: 9 ms
  2023-04-03 00:25:41 INFO  Utils:112 - [TestNG] Time taken by org.testng.reporters.XMLReporter@681adc8f: 6 ms
  2023-04-03 00:25:41 INFO  Utils:112 - [TestNG] Time taken by org.testng.reporters.EmailableReporter2@5fc930f0: 5 ms
  2023-04-03 00:25:41 INFO  Utils:112 - [TestNG] Time taken by org.testng.reporters.JUnitReportReporter@29528a22: 7 ms
  2023-04-03 00:34:25 INFO  Utils:112 - [TestNG] Time taken by org.testng.internal.ExitCodeListener@640dc4c6: 0 ms
  2023-04-03 00:34:25 INFO  Utils:112 - [TestNG] Time taken by org.testng.reporters.SuiteHTMLReporter@48535004: 13 ms
  2023-04-03 00:34:25 INFO  Utils:112 - [TestNG] Time taken by org.testng.reporters.jq.Main@8d7b252: 30 ms
  2023-04-03 00:34:25 INFO  Utils:112 - [TestNG] Time taken by org.testng.reporters.FailedReporter@4682eba5: 0 ms
  2023-04-03 00:34:25 INFO  Utils:112 - [TestNG] Time taken by org.testng.reporters.XMLReporter@6eb82908: 4 ms
  2023-04-03 00:34:25 INFO  Utils:112 - [TestNG] Time taken by org.testng.reporters.EmailableReporter2@36f1046f: 3 ms
  2023-04-03 00:34:25 INFO  Utils:112 - [TestNG] Time taken by org.testng.reporters.JUnitReportReporter@5c10285a: 3 ms
  2023-04-03 00:46:47 INFO  Utils:112 - [TestNG] Time taken by org.testng.internal.ExitCodeListener@4b54af3d: 0 ms
  2023-04-03 00:46:47 INFO  Utils:112 - [TestNG] Time taken by org.testng.reporters.SuiteHTMLReporter@610df783: 15 ms
  2023-04-03 00:46:47 INFO  Utils:112 - [TestNG] Time taken by org.testng.reporters.jq.Main@4682eba5: 34 ms
  2023-04-03 00:46:47 INFO  Utils:112 - [TestNG] Time taken by org.testng.reporters.FailedReporter@6d9fb2d1: 1 ms
  2023-04-03 00:46:47 INFO  Utils:112 - [TestNG] Time taken by org.testng.reporters.XMLReporter@4a8df3e2: 6 ms
  2023-04-03 00:46:47 INFO  Utils:112 - [TestNG] Time taken by org.testng.reporters.EmailableReporter2@56d93692: 4 ms
  2023-04-03 00:46:47 INFO  Utils:112 - [TestNG] Time taken by org.testng.reporters.JUnitReportReporter@6b667cb3: 3 ms
  2023-04-03 01:00:07 INFO  Utils:112 - [TestNG] Time taken by org.testng.internal.ExitCodeListener@3cee53dc: 0 ms
  2023-04-03 01:00:07 INFO  Utils:112 - [TestNG] Time taken by org.testng.reporters.SuiteHTMLReporter@26d820eb: 15 ms
  2023-04-03 01:00:07 INFO  Utils:112 - [TestNG] Time taken by org.testng.reporters.jq.Main@75e710b: 39 ms
  2023-04-03 01:00:07 INFO  Utils:112 - [TestNG] Time taken by org.testng.reporters.FailedReporter@4ba380c7: 7 ms
  2023-04-03 01:00:07 INFO  Utils:112 - [TestNG] Time taken by org.testng.reporters.XMLReporter@30501e60: 8 ms
  2023-04-03 01:00:07 INFO  Utils:112 - [TestNG] Time taken by org.testng.reporters.EmailableReporter2@1cb37ee4: 6 ms
  2023-04-03 01:00:07 INFO  Utils:112 - [TestNG] Time taken by org.testng.reporters.JUnitReportReporter@7de843ef: 7 ms
  2023-04-03 01:02:10 INFO  Utils:112 - [TestNG] Time taken by org.testng.internal.ExitCodeListener@62b969c4: 0 ms
  2023-04-03 01:02:10 INFO  Utils:112 - [TestNG] Time taken by org.testng.reporters.SuiteHTMLReporter@1cc9cfb2: 15 ms
  2023-04-03 01:02:10 INFO  Utils:112 - [TestNG] Time taken by org.testng.reporters.jq.Main@6eb82908: 42 ms
  2023-04-03 01:02:10 INFO  Utils:112 - [TestNG] Time taken by org.testng.reporters.FailedReporter@4a8df3e2: 0 ms
  2023-04-03 01:02:10 INFO  Utils:112 - [TestNG] Time taken by org.testng.reporters.XMLReporter@692fd26: 10 ms
  2023-04-03 01:02:10 INFO  Utils:112 - [TestNG] Time taken by org.testng.reporters.EmailableReporter2@6eaa21d8: 4 ms
  2023-04-03 01:02:10 INFO  Utils:112 - [TestNG] Time taken by org.testng.reporters.JUnitReportReporter@12aa4996: 4 ms
  2023-04-03 01:26:16 INFO  Utils:112 - [TestNG] Time taken by org.testng.internal.ExitCodeListener@5cdf39b2: 0 ms
  2023-04-03 01:26:16 INFO  Utils:112 - [TestNG] Time taken by org.testng.reporters.SuiteHTMLReporter@5c82cd4f: 18 ms
  2023-04-03 01:26:16 INFO  Utils:112 - [TestNG] Time taken by org.testng.reporters.jq.Main@10ee04df: 37 ms
  2023-04-03 01:26:16 INFO  Utils:112 - [TestNG] Time taken by org.testng.reporters.FailedReporter@7186333e: 1 ms
  2023-04-03 01:26:16 INFO  Utils:112 - [TestNG] Time taken by org.testng.reporters.XMLReporter@64b70919: 10 ms
  2023-04-03 01:26:16 INFO  Utils:112 - [TestNG] Time taken by org.testng.reporters.EmailableReporter2@6de0f580: 5 ms
  2023-04-03 01:26:16 INFO  Utils:112 - [TestNG] Time taken by org.testng.reporters.JUnitReportReporter@75e710b: 4 ms
  2023-04-03 01:38:49 INFO  Utils:112 - [TestNG] Time taken by org.testng.internal.ExitCodeListener@314c8b4a: 0 ms
  2023-04-03 01:38:49 INFO  Utils:112 - [TestNG] Time taken by org.testng.reporters.SuiteHTMLReporter@7ce7e83c: 19 ms
  2023-04-03 01:38:49 INFO  Utils:112 - [TestNG] Time taken by org.testng.reporters.jq.Main@184dbacc: 37 ms
  2023-04-03 01:38:49 INFO  Utils:112 - [TestNG] Time taken by org.testng.reporters.FailedReporter@2aeefcc: 0 ms
  2023-04-03 01:38:49 INFO  Utils:112 - [TestNG] Time taken by org.testng.reporters.XMLReporter@7ea08277: 11 ms
  2023-04-03 01:38:49 INFO  Utils:112 - [TestNG] Time taken by org.testng.reporters.EmailableReporter2@2dddc1b9: 4 ms
  2023-04-03 01:38:49 INFO  Utils:112 - [TestNG] Time taken by org.testng.reporters.JUnitReportReporter@5b498842: 5 ms
  